# JRE version: Java(TM) SE Runtime Environment (8.0_05-b13) (build 1.8.0_05-b13)
# Java VM: Java HotSpot(TM) 64-Bit Server VM (25.5-b02 mixed mode windows-amd64 compressed oops)
Heap:
 PSYoungGen      total 75264K, used 66849K [0x00000000eab00000, 0x00000000f0180000, 0x0000000100000000)
  eden space 71168K, 88% used [0x00000000eab00000,0x00000000ee8499d8,0x00000000ef080000)
  from space 4096K, 99% used [0x00000000ef600000,0x00000000ef9fed18,0x00000000efa00000)
  to   space 5632K, 0% used [0x00000000ef080000,0x00000000ef080000,0x00000000ef600000)
 ParOldGen       total 12288K, used 9554K [0x00000000c0000000, 0x00000000c0c00000, 0x00000000eab00000)
  object space 12288K, 77% used [0x00000000c0000000,0x00000000c0954898,0x00000000c0c00000)
 Metaspace       used 27901K, capacity 28647K, committed 28928K, reserved 1075200K
  class space    used 3766K, capacity 4021K, committed 4096K, reserved 1048576K
GC Heap History (10 events):
Event: 3.400 GC heap before
{Heap before GC invocations=20 (full 1):
 PSYoungGen      total 57856K, used 53568K [0x00000000eab00000, 0x00000000eee00000, 0x0000000100000000)
  eden space 53248K, 100% used [0x00000000eab00000,0x00000000edf00000,0x00000000edf00000)
  from space 4608K, 6% used [0x00000000ee380000,0x00000000ee3d0000,0x00000000ee800000)
  to   space 4608K, 0% used [0x00000000edf00000,0x00000000edf00000,0x00000000ee380000)
 ParOldGen       total 11776K, used 9904K [0x00000000c0000000, 0x00000000c0b80000, 0x00000000eab00000)
  object space 11776K, 84% used [0x00000000c0000000,0x00000000c09ac170,0x00000000c0b80000)
 Metaspace       used 21172K, capacity 21653K, committed 22016K, reserved 1069056K
  class space    used 2828K, capacity 2978K, committed 3072K, reserved 1048576K
Event: 3.418 GC heap after
Heap after GC invocations=20 (full 1):
 PSYoungGen      total 57856K, used 528K [0x00000000eab00000, 0x00000000ef700000, 0x0000000100000000)
  eden space 53248K, 0% used [0x00000000eab00000,0x00000000eab00000,0x00000000edf00000)
  from space 4608K, 11% used [0x00000000edf00000,0x00000000edf84010,0x00000000ee380000)
  to   space 4608K, 0% used [0x00000000ef280000,0x00000000ef280000,0x00000000ef700000)
 ParOldGen       total 11776K, used 10152K [0x00000000c0000000, 0x00000000c0b80000, 0x00000000eab00000)
  object space 11776K, 86% used [0x00000000c0000000,0x00000000c09ea190,0x00000000c0b80000)
 Metaspace       used 21172K, capacity 21653K, committed 22016K, reserved 1069056K
  class space    used 2828K, capacity 2978K, committed 3072K, reserved 1048576K
}
Event: 3.418 GC heap before
{Heap before GC invocations=21 (full 2):
 PSYoungGen      total 57856K, used 528K [0x00000000eab00000, 0x00000000ef700000, 0x0000000100000000)
  eden space 53248K, 0% used [0x00000000eab00000,0x00000000eab00000,0x00000000edf00000)
  from space 4608K, 11% used [0x00000000edf00000,0x00000000edf84010,0x00000000ee380000)
  to   space 4608K, 0% used [0x00000000ef280000,0x00000000ef280000,0x00000000ef700000)
 ParOldGen       total 11776K, used 10152K [0x00000000c0000000, 0x00000000c0b80000, 0x00000000eab00000)
  object space 11776K, 86% used [0x00000000c0000000,0x00000000c09ea190,0x00000000c0b80000)
 Metaspace       used 21172K, capacity 21653K, committed 22016K, reserved 1069056K
  class space    used 2828K, capacity 2978K, committed 3072K, reserved 1048576K
Event: 3.482 GC heap after
Heap after GC invocations=21 (full 2):
 PSYoungGen      total 57856K, used 0K [0x00000000eab00000, 0x00000000ef700000, 0x0000000100000000)
  eden space 53248K, 0% used [0x00000000eab00000,0x00000000eab00000,0x00000000edf00000)
  from space 4608K, 0% used [0x00000000edf00000,0x00000000edf00000,0x00000000ee380000)
  to   space 4608K, 0% used [0x00000000ef280000,0x00000000ef280000,0x00000000ef700000)
 ParOldGen       total 12288K, used 8202K [0x00000000c0000000, 0x00000000c0c00000, 0x00000000eab00000)
  object space 12288K, 66% used [0x00000000c0000000,0x00000000c0802aa8,0x00000000c0c00000)
 Metaspace       used 21172K, capacity 21653K, committed 22016K, reserved 1069056K
  class space    used 2828K, capacity 2978K, committed 3072K, reserved 1048576K
}
Event: 3.618 GC heap before
{Heap before GC invocations=22 (full 2):
 PSYoungGen      total 57856K, used 53248K [0x00000000eab00000, 0x00000000ef700000, 0x0000000100000000)
  eden space 53248K, 100% used [0x00000000eab00000,0x00000000edf00000,0x00000000edf00000)
  from space 4608K, 0% used [0x00000000edf00000,0x00000000edf00000,0x00000000ee380000)
  to   space 4608K, 0% used [0x00000000ef280000,0x00000000ef280000,0x00000000ef700000)
 ParOldGen       total 12288K, used 8202K [0x00000000c0000000, 0x00000000c0c00000, 0x00000000eab00000)
  object space 12288K, 66% used [0x00000000c0000000,0x00000000c0802aa8,0x00000000c0c00000)
 Metaspace       used 21175K, capacity 21653K, committed 22016K, reserved 1069056K
  class space    used 2828K, capacity 2978K, committed 3072K, reserved 1048576K
Event: 3.619 GC heap after
Heap after GC invocations=22 (full 2):
 PSYoungGen      total 62976K, used 256K [0x00000000eab00000, 0x00000000ef300000, 0x0000000100000000)
  eden space 62464K, 0% used [0x00000000eab00000,0x00000000eab00000,0x00000000ee800000)
  from space 512K, 50% used [0x00000000ef280000,0x00000000ef2c0000,0x00000000ef300000)
  to   space 4096K, 0% used [0x00000000eeb00000,0x00000000eeb00000,0x00000000eef00000)
 ParOldGen       total 12288K, used 8202K [0x00000000c0000000, 0x00000000c0c00000, 0x00000000eab00000)
  object space 12288K, 66% used [0x00000000c0000000,0x00000000c0802aa8,0x00000000c0c00000)
 Metaspace       used 21175K, capacity 21653K, committed 22016K, reserved 1069056K
  class space    used 2828K, capacity 2978K, committed 3072K, reserved 1048576K
}
Event: 3.797 GC heap before
{Heap before GC invocations=23 (full 2):
 PSYoungGen      total 62976K, used 62720K [0x00000000eab00000, 0x00000000ef300000, 0x0000000100000000)
  eden space 62464K, 100% used [0x00000000eab00000,0x00000000ee800000,0x00000000ee800000)
  from space 512K, 50% used [0x00000000ef280000,0x00000000ef2c0000,0x00000000ef300000)
  to   space 4096K, 0% used [0x00000000eeb00000,0x00000000eeb00000,0x00000000eef00000)
 ParOldGen       total 12288K, used 8202K [0x00000000c0000000, 0x00000000c0c00000, 0x00000000eab00000)
  object space 12288K, 66% used [0x00000000c0000000,0x00000000c0802aa8,0x00000000c0c00000)
 Metaspace       used 21187K, capacity 21653K, committed 22016K, reserved 1069056K
  class space    used 2828K, capacity 2978K, committed 3072K, reserved 1048576K
Event: 3.800 GC heap after
Heap after GC invocations=23 (full 2):
 PSYoungGen      total 69632K, used 544K [0x00000000eab00000, 0x00000000efa00000, 0x0000000100000000)
  eden space 65536K, 0% used [0x00000000eab00000,0x00000000eab00000,0x00000000eeb00000)
  from space 4096K, 13% used [0x00000000eeb00000,0x00000000eeb88000,0x00000000eef00000)
  to   space 4096K, 0% used [0x00000000ef600000,0x00000000ef600000,0x00000000efa00000)
 ParOldGen       total 12288K, used 8202K [0x00000000c0000000, 0x00000000c0c00000, 0x00000000eab00000)
  object space 12288K, 66% used [0x00000000c0000000,0x00000000c0802aa8,0x00000000c0c00000)
 Metaspace       used 21187K, capacity 21653K, committed 22016K, reserved 1069056K
  class space    used 2828K, capacity 2978K, committed 3072K, reserved 1048576K
}
Event: 4.222 GC heap before
{Heap before GC invocations=24 (full 2):
 PSYoungGen      total 69632K, used 66080K [0x00000000eab00000, 0x00000000efa00000, 0x0000000100000000)
  eden space 65536K, 100% used [0x00000000eab00000,0x00000000eeb00000,0x00000000eeb00000)
  from space 4096K, 13% used [0x00000000eeb00000,0x00000000eeb88000,0x00000000eef00000)
  to   space 4096K, 0% used [0x00000000ef600000,0x00000000ef600000,0x00000000efa00000)
 ParOldGen       total 12288K, used 8202K [0x00000000c0000000, 0x00000000c0c00000, 0x00000000eab00000)
  object space 12288K, 66% used [0x00000000c0000000,0x00000000c0802aa8,0x00000000c0c00000)
 Metaspace       used 23271K, capacity 23911K, committed 24192K, reserved 1071104K
  class space    used 3108K, capacity 3353K, committed 3456K, reserved 1048576K
Event: 4.243 GC heap after
Heap after GC invocations=24 (full 2):
 PSYoungGen      total 75264K, used 4091K [0x00000000eab00000, 0x00000000f0180000, 0x0000000100000000)
  eden space 71168K, 0% used [0x00000000eab00000,0x00000000eab00000,0x00000000ef080000)
  from space 4096K, 99% used [0x00000000ef600000,0x00000000ef9fed18,0x00000000efa00000)
  to   space 5632K, 0% used [0x00000000ef080000,0x00000000ef080000,0x00000000ef600000)
 ParOldGen       total 12288K, used 9554K [0x00000000c0000000, 0x00000000c0c00000, 0x00000000eab00000)
  object space 12288K, 77% used [0x00000000c0000000,0x00000000c0954898,0x00000000c0c00000)
 Metaspace       used 23271K, capacity 23911K, committed 24192K, reserved 1071104K
  class space    used 3108K, capacity 3353K, committed 3456K, reserved 1048576K
}

