# JRE version: Java(TM) SE Runtime Environment (8.0_05-b13) (build 1.8.0_05-b13)
# Java VM: Java HotSpot(TM) 64-Bit Server VM (25.5-b02 mixed mode windows-amd64 compressed oops)
Heap:
 PSYoungGen      total 62976K, used 33862K [0x00000000eab00000, 0x00000000ef700000, 0x0000000100000000)
  eden space 59904K, 52% used [0x00000000eab00000,0x00000000ec99be48,0x00000000ee580000)
  from space 3072K, 81% used [0x00000000ee580000,0x00000000ee7f5b30,0x00000000ee880000)
  to   space 5632K, 0% used [0x00000000ef180000,0x00000000ef180000,0x00000000ef700000)
 ParOldGen       total 20992K, used 13831K [0x00000000c0000000, 0x00000000c1480000, 0x00000000eab00000)
  object space 20992K, 65% used [0x00000000c0000000,0x00000000c0d81fb8,0x00000000c1480000)
 Metaspace       used 27890K, capacity 28647K, committed 28928K, reserved 1075200K
  class space    used 3767K, capacity 4021K, committed 4096K, reserved 1048576K
GC Heap History (10 events):
Event: 6.517 GC heap before
{Heap before GC invocations=26 (full 2):
 PSYoungGen      total 49152K, used 45568K [0x00000000eab00000, 0x00000000ee980000, 0x0000000100000000)
  eden space 45568K, 100% used [0x00000000eab00000,0x00000000ed780000,0x00000000ed780000)
  from space 3584K, 0% used [0x00000000ed780000,0x00000000ed780000,0x00000000edb00000)
  to   space 3584K, 0% used [0x00000000ee600000,0x00000000ee600000,0x00000000ee980000)
 ParOldGen       total 12288K, used 8186K [0x00000000c0000000, 0x00000000c0c00000, 0x00000000eab00000)
  object space 12288K, 66% used [0x00000000c0000000,0x00000000c07feaa0,0x00000000c0c00000)
 Metaspace       used 21151K, capacity 21653K, committed 22016K, reserved 1069056K
  class space    used 2831K, capacity 2978K, committed 3072K, reserved 1048576K
Event: 6.518 GC heap after
Heap after GC invocations=26 (full 2):
 PSYoungGen      total 53760K, used 224K [0x00000000eab00000, 0x00000000ee680000, 0x0000000100000000)
  eden space 53248K, 0% used [0x00000000eab00000,0x00000000eab00000,0x00000000edf00000)
  from space 512K, 43% used [0x00000000ee600000,0x00000000ee638000,0x00000000ee680000)
  to   space 3584K, 0% used [0x00000000edf80000,0x00000000edf80000,0x00000000ee300000)
 ParOldGen       total 12288K, used 8186K [0x00000000c0000000, 0x00000000c0c00000, 0x00000000eab00000)
  object space 12288K, 66% used [0x00000000c0000000,0x00000000c07feaa0,0x00000000c0c00000)
 Metaspace       used 21151K, capacity 21653K, committed 22016K, reserved 1069056K
  class space    used 2831K, capacity 2978K, committed 3072K, reserved 1048576K
}
Event: 6.662 GC heap before
{Heap before GC invocations=27 (full 2):
 PSYoungGen      total 53760K, used 53472K [0x00000000eab00000, 0x00000000ee680000, 0x0000000100000000)
  eden space 53248K, 100% used [0x00000000eab00000,0x00000000edf00000,0x00000000edf00000)
  from space 512K, 43% used [0x00000000ee600000,0x00000000ee638000,0x00000000ee680000)
  to   space 3584K, 0% used [0x00000000edf80000,0x00000000edf80000,0x00000000ee300000)
 ParOldGen       total 12288K, used 8186K [0x00000000c0000000, 0x00000000c0c00000, 0x00000000eab00000)
  object space 12288K, 66% used [0x00000000c0000000,0x00000000c07feaa0,0x00000000c0c00000)
 Metaspace       used 21165K, capacity 21653K, committed 22016K, reserved 1069056K
  class space    used 2831K, capacity 2978K, committed 3072K, reserved 1048576K
Event: 6.663 GC heap after
Heap after GC invocations=27 (full 2):
 PSYoungGen      total 57344K, used 448K [0x00000000eab00000, 0x00000000eec00000, 0x0000000100000000)
  eden space 53760K, 0% used [0x00000000eab00000,0x00000000eab00000,0x00000000edf80000)
  from space 3584K, 12% used [0x00000000edf80000,0x00000000edff0000,0x00000000ee300000)
  to   space 3584K, 0% used [0x00000000ee880000,0x00000000ee880000,0x00000000eec00000)
 ParOldGen       total 12288K, used 8186K [0x00000000c0000000, 0x00000000c0c00000, 0x00000000eab00000)
  object space 12288K, 66% used [0x00000000c0000000,0x00000000c07feaa0,0x00000000c0c00000)
 Metaspace       used 21165K, capacity 21653K, committed 22016K, reserved 1069056K
  class space    used 2831K, capacity 2978K, committed 3072K, reserved 1048576K
}
Event: 6.805 GC heap before
{Heap before GC invocations=28 (full 2):
 PSYoungGen      total 57344K, used 54208K [0x00000000eab00000, 0x00000000eec00000, 0x0000000100000000)
  eden space 53760K, 100% used [0x00000000eab00000,0x00000000edf80000,0x00000000edf80000)
  from space 3584K, 12% used [0x00000000edf80000,0x00000000edff0000,0x00000000ee300000)
  to   space 3584K, 0% used [0x00000000ee880000,0x00000000ee880000,0x00000000eec00000)
 ParOldGen       total 12288K, used 8186K [0x00000000c0000000, 0x00000000c0c00000, 0x00000000eab00000)
  object space 12288K, 66% used [0x00000000c0000000,0x00000000c07feaa0,0x00000000c0c00000)
 Metaspace       used 21165K, capacity 21653K, committed 22016K, reserved 1069056K
  class space    used 2831K, capacity 2978K, committed 3072K, reserved 1048576K
Event: 6.807 GC heap after
Heap after GC invocations=28 (full 2):
 PSYoungGen      total 63488K, used 896K [0x00000000eab00000, 0x00000000eec00000, 0x0000000100000000)
  eden space 59904K, 0% used [0x00000000eab00000,0x00000000eab00000,0x00000000ee580000)
  from space 3584K, 25% used [0x00000000ee880000,0x00000000ee960020,0x00000000eec00000)
  to   space 3072K, 0% used [0x00000000ee580000,0x00000000ee580000,0x00000000ee880000)
 ParOldGen       total 12288K, used 8186K [0x00000000c0000000, 0x00000000c0c00000, 0x00000000eab00000)
  object space 12288K, 66% used [0x00000000c0000000,0x00000000c07feaa0,0x00000000c0c00000)
 Metaspace       used 21165K, capacity 21653K, committed 22016K, reserved 1069056K
  class space    used 2831K, capacity 2978K, committed 3072K, reserved 1048576K
}
Event: 8.451 GC heap before
{Heap before GC invocations=29 (full 2):
 PSYoungGen      total 63488K, used 60800K [0x00000000eab00000, 0x00000000eec00000, 0x0000000100000000)
  eden space 59904K, 100% used [0x00000000eab00000,0x00000000ee580000,0x00000000ee580000)
  from space 3584K, 25% used [0x00000000ee880000,0x00000000ee960020,0x00000000eec00000)
  to   space 3072K, 0% used [0x00000000ee580000,0x00000000ee580000,0x00000000ee880000)
 ParOldGen       total 12288K, used 8186K [0x00000000c0000000, 0x00000000c0c00000, 0x00000000eab00000)
  object space 12288K, 66% used [0x00000000c0000000,0x00000000c07feaa0,0x00000000c0c00000)
 Metaspace       used 24380K, capacity 25137K, committed 25344K, reserved 1071104K
  class space    used 3280K, capacity 3561K, committed 3584K, reserved 1048576K
Event: 8.457 GC heap after
Heap after GC invocations=29 (full 2):
 PSYoungGen      total 62976K, used 3040K [0x00000000eab00000, 0x00000000ef700000, 0x0000000100000000)
  eden space 59904K, 0% used [0x00000000eab00000,0x00000000eab00000,0x00000000ee580000)
  from space 3072K, 98% used [0x00000000ee580000,0x00000000ee878010,0x00000000ee880000)
  to   space 5632K, 0% used [0x00000000ef180000,0x00000000ef180000,0x00000000ef700000)
 ParOldGen       total 14336K, used 13868K [0x00000000c0000000, 0x00000000c0e00000, 0x00000000eab00000)
  object space 14336K, 96% used [0x00000000c0000000,0x00000000c0d8b1d0,0x00000000c0e00000)
 Metaspace       used 24380K, capacity 25137K, committed 25344K, reserved 1071104K
  class space    used 3280K, capacity 3561K, committed 3584K, reserved 1048576K
}
Event: 8.457 GC heap before
{Heap before GC invocations=30 (full 3):
 PSYoungGen      total 62976K, used 3040K [0x00000000eab00000, 0x00000000ef700000, 0x0000000100000000)
  eden space 59904K, 0% used [0x00000000eab00000,0x00000000eab00000,0x00000000ee580000)
  from space 3072K, 98% used [0x00000000ee580000,0x00000000ee878010,0x00000000ee880000)
  to   space 5632K, 0% used [0x00000000ef180000,0x00000000ef180000,0x00000000ef700000)
 ParOldGen       total 14336K, used 13868K [0x00000000c0000000, 0x00000000c0e00000, 0x00000000eab00000)
  object space 14336K, 96% used [0x00000000c0000000,0x00000000c0d8b1d0,0x00000000c0e00000)
 Metaspace       used 24380K, capacity 25137K, committed 25344K, reserved 1071104K
  class space    used 3280K, capacity 3561K, committed 3584K, reserved 1048576K
Event: 8.615 GC heap after
Heap after GC invocations=30 (full 3):
 PSYoungGen      total 62976K, used 2518K [0x00000000eab00000, 0x00000000ef700000, 0x0000000100000000)
  eden space 59904K, 0% used [0x00000000eab00000,0x00000000eab00000,0x00000000ee580000)
  from space 3072K, 81% used [0x00000000ee580000,0x00000000ee7f5b30,0x00000000ee880000)
  to   space 5632K, 0% used [0x00000000ef180000,0x00000000ef180000,0x00000000ef700000)
 ParOldGen       total 20992K, used 13831K [0x00000000c0000000, 0x00000000c1480000, 0x00000000eab00000)
  object space 20992K, 65% used [0x00000000c0000000,0x00000000c0d81fb8,0x00000000c1480000)
 Metaspace       used 24380K, capacity 25137K, committed 25344K, reserved 1071104K
  class space    used 3280K, capacity 3561K, committed 3584K, reserved 1048576K
}

